2016-02-11 10:58:34.668  Domoticz V2.2110 (c)2012-2016 GizMoCuz
2016-02-11 10:58:34.668  Build Hash: 8f45ef4, Date: 2016-02-02 10:59:28
2016-02-11 10:58:34.668  Startup Path: /src/domoticz/
2016-02-11 10:58:34.824  Active notification subsystems: http (1/11)
2016-02-11 10:58:34.857  Webserver(HTTP) started on port: 8080
2016-02-11 10:58:34.857  Proxymanager started.
2016-02-11 10:58:34.858  Starting shared server on: :::6144
2016-02-11 10:58:34.858  TCPServer: shared server started...
2016-02-11 10:58:34.858  RxQueue: queue worker started...
2016-02-11 10:58:36.859  EventSystem: reset all events...
2016-02-11 10:58:36.859  EventSystem: reset all device statuses...
2016-02-11 10:58:36.860  EventSystem: Started
2016-02-11 10:58:41.386  Incoming connection from: 172.16.128.55
2016-02-11 11:01:57.723  Closing application!...
2016-02-11 11:01:57.723  Stopping worker...
2016-02-11 11:01:57.723  RxQueue: queue worker stopped...
2016-02-11 11:01:57.724  WebServer(HTTP) stopped...
2016-02-11 11:01:57.724  TCPServer: shared server stopped
2016-02-11 11:01:57.724  Stopping all hardware...
2016-02-11 11:01:57.898  Scheduler stopped...
2016-02-11 11:01:58.066  EventSystem: Stopped...
2016-02-11 11:01:58.500  Mainworker Stopped...
